<?xml version="1.0" encoding="UTF-8" ?>
<testsuite tests="20" failures="0" name="com.flightreservation.runner.TestRunner" time="199.096" errors="0" skipped="0">
  <properties>
    <property name="java.runtime.name" value="Java(TM) SE Runtime Environment"/>
    <property name="sun.boot.library.path" value="C:\Program Files\Java\jdk1.8.0_171\jre\bin"/>
    <property name="java.vm.version" value="25.171-b11"/>
    <property name="java.vm.vendor" value="Oracle Corporation"/>
    <property name="java.vendor.url" value="http://java.oracle.com/"/>
    <property name="path.separator" value=";"/>
    <property name="guice.disable.misplaced.annotation.check" value="true"/>
    <property name="java.vm.name" value="Java HotSpot(TM) 64-Bit Server VM"/>
    <property name="file.encoding.pkg" value="sun.io"/>
    <property name="user.script" value=""/>
    <property name="user.country" value="US"/>
    <property name="sun.java.launcher" value="SUN_STANDARD"/>
    <property name="sun.os.patch.level" value=""/>
    <property name="java.vm.specification.name" value="Java Virtual Machine Specification"/>
    <property name="user.dir" value="C:\Users\devid\workspace\FlightReservation"/>
    <property name="java.runtime.version" value="1.8.0_171-b11"/>
    <property name="java.awt.graphicsenv" value="sun.awt.Win32GraphicsEnvironment"/>
    <property name="java.endorsed.dirs" value="C:\Program Files\Java\jdk1.8.0_171\jre\lib\endorsed"/>
    <property name="os.arch" value="amd64"/>
    <property name="java.io.tmpdir" value="C:\Users\devid\AppData\Local\Temp\"/>
    <property name="line.separator" value="
"/>
    <property name="java.vm.specification.vendor" value="Oracle Corporation"/>
    <property name="user.variant" value=""/>
    <property name="os.name" value="Windows 10"/>
    <property name="classworlds.conf" value="C:\Users\devid\workspace\.metadata\.plugins\org.eclipse.m2e.launching\launches\m2conf4402454266437376282.tmp"/>
    <property name="sun.jnu.encoding" value="Cp1252"/>
    <property name="java.library.path" value="C:\Program Files\Java\jdk1.8.0_171\bin;C:\WINDOWS\Sun\Java\bin;C:\WINDOWS\system32;C:\WINDOWS;C:/Program Files/Java/jre1.8.0_171/bin/server;C:/Program Files/Java/jre1.8.0_171/bin;C:/Program Files/Java/jre1.8.0_171/lib/amd64;C:\Program Files (x86)\Common Files\Oracle\Java\javapath;C:\Program Files (x86)\Intel\iCLS Client\;C:\Program Files\Intel\iCLS Client\;C:\WINDOWS\system32;C:\WINDOWS;C:\WINDOWS\System32\Wbem;C:\WINDOWS\System32\WindowsPowerShell\v1.0\;C:\Program Files (x86)\QuickTime\QTSystem\;C:\WINDOWS\System32\OpenSSH\;C:\Program Files (x86)\Intel\Intel(R) Management Engine Components\DAL;C:\Program Files\Intel\Intel(R) Management Engine Components\DAL;C:\Program Files (x86)\Intel\Intel(R) Management Engine Components\IPT;C:\Program Files\Intel\Intel(R) Management Engine Components\IPT;C:\apache-maven-3.5.4\bin;C:\Program Files\nodejs\;C:\Program Files\Java\jdk1.8.0_171\bin;C:\phantomjs-2.1.1-windows\bin;C:\Program Files\Intel\WiFi\bin\;C:\Program Files\Common Files\Intel\WirelessCommon\;C:\Program Files (x86)\Brackets\command;C:\Users\devid\AppData\Local\Microsoft\WindowsApps;C:\Users\devid\AppData\Roaming\npm;C:\Software\eclipse;;."/>
    <property name="java.specification.name" value="Java Platform API Specification"/>
    <property name="java.class.version" value="52.0"/>
    <property name="sun.management.compiler" value="HotSpot 64-Bit Tiered Compilers"/>
    <property name="os.version" value="10.0"/>
    <property name="user.home" value="C:\Users\devid"/>
    <property name="user.timezone" value="Australia/Sydney"/>
    <property name="java.awt.printerjob" value="sun.awt.windows.WPrinterJob"/>
    <property name="java.specification.version" value="1.8"/>
    <property name="file.encoding" value="Cp1252"/>
    <property name="user.name" value="devid"/>
    <property name="java.class.path" value="/C:/Software/eclipse/configuration/org.eclipse.osgi/bundles/535/1/.cp/jars/plexus-classworlds-2.4.jar"/>
    <property name="java.vm.specification.version" value="1.8"/>
    <property name="sun.arch.data.model" value="64"/>
    <property name="java.home" value="C:\Program Files\Java\jdk1.8.0_171\jre"/>
    <property name="sun.java.command" value="org.codehaus.plexus.classworlds.launcher.Launcher -B install"/>
    <property name="java.specification.vendor" value="Oracle Corporation"/>
    <property name="user.language" value="en"/>
    <property name="awt.toolkit" value="sun.awt.windows.WToolkit"/>
    <property name="java.vm.info" value="mixed mode"/>
    <property name="java.version" value="1.8.0_171"/>
    <property name="java.ext.dirs" value="C:\Program Files\Java\jdk1.8.0_171\jre\lib\ext;C:\WINDOWS\Sun\Java\lib\ext"/>
    <property name="sun.boot.class.path" value="C:\Program Files\Java\jdk1.8.0_171\jre\lib\resources.jar;C:\Program Files\Java\jdk1.8.0_171\jre\lib\rt.jar;C:\Program Files\Java\jdk1.8.0_171\jre\lib\sunrsasign.jar;C:\Program Files\Java\jdk1.8.0_171\jre\lib\jsse.jar;C:\Program Files\Java\jdk1.8.0_171\jre\lib\jce.jar;C:\Program Files\Java\jdk1.8.0_171\jre\lib\charsets.jar;C:\Program Files\Java\jdk1.8.0_171\jre\lib\jfr.jar;C:\Program Files\Java\jdk1.8.0_171\jre\classes"/>
    <property name="java.vendor" value="Oracle Corporation"/>
    <property name="maven.home" value="C:\Users\devid\workspace\FlightReservation\EMBEDDED"/>
    <property name="file.separator" value="\"/>
    <property name="java.vendor.url.bug" value="http://bugreport.sun.com/bugreport/"/>
    <property name="maven.bootclasspath" value="/C:/Software/eclipse/configuration/org.eclipse.osgi/bundles/535/1/.cp/jars/plexus-classworlds-2.4.jar"/>
    <property name="sun.cpu.endian" value="little"/>
    <property name="sun.io.unicode.encoding" value="UnicodeLittle"/>
    <property name="sun.desktop" value="windows"/>
    <property name="sun.cpu.isalist" value="amd64"/>
  </properties>
  <testcase classname="| Sydney | Melbourne |" name="Given user navigates to site" time="0.001"/>
  <testcase classname="| Sydney | Melbourne |" name="When user search for one-way filght \&quot;Sydney\&quot; to \&quot;Melbourne\&quot;" time="0"/>
  <testcase classname="| Sydney | Melbourne |" name="And user select Re e-deal value and add to trip" time="0"/>
  <testcase classname="| Sydney | Melbourne |" name="Then verify subtotal value" time="0"/>
  <testcase classname="| Sydney | Melbourne |" name="| Sydney | Melbourne |" time="0"/>
  <testcase classname="| Sydney | Brisbane |" name="Given user navigates to site" time="0"/>
  <testcase classname="| Sydney | Brisbane |" name="When user search for one-way filght \&quot;Sydney\&quot; to \&quot;Brisbane\&quot;" time="0"/>
  <testcase classname="| Sydney | Brisbane |" name="And user select Re e-deal value and add to trip" time="0"/>
  <testcase classname="| Sydney | Brisbane |" name="Then verify subtotal value" time="0"/>
  <testcase classname="| Sydney | Brisbane |" name="| Sydney | Brisbane |" time="0.001"/>
  <testcase classname="| Sydney | Armidale |" name="Given user navigates to site" time="0"/>
  <testcase classname="| Sydney | Armidale |" name="When user search for one-way filght \&quot;Sydney\&quot; to \&quot;Armidale\&quot;" time="0"/>
  <testcase classname="| Sydney | Armidale |" name="And user select Re e-deal value and add to trip" time="0"/>
  <testcase classname="| Sydney | Armidale |" name="Then verify subtotal value" time="0"/>
  <testcase classname="| Sydney | Armidale |" name="| Sydney | Armidale |" time="0"/>
  <testcase classname="| Sydney | Perth |" name="Given user navigates to site" time="0"/>
  <testcase classname="| Sydney | Perth |" name="When user search for one-way filght \&quot;Sydney\&quot; to \&quot;Perth\&quot;" time="0"/>
  <testcase classname="| Sydney | Perth |" name="And user select Re e-deal value and add to trip" time="0"/>
  <testcase classname="| Sydney | Perth |" name="Then verify subtotal value" time="0"/>
  <testcase classname="| Sydney | Perth |" name="| Sydney | Perth |" time="0"/>
</testsuite>